2016-01-13 11:53:01,728 PST  INFO Domino - ================================================================================
2016-01-13 11:53:01,732 PST  INFO Domino - starting client
2016-01-13 11:53:01,732 PST DEBUG Domino - CWD = /Users/earino/play/tim_example
2016-01-13 11:53:01,733 PST  INFO Domino - executing command: run foo.R
2016-01-13 11:53:02,026 PST  INFO ProjectControllerProxy - getting git host from https://api.dominoup.com/gitRepoUri/earino/tim_example
2016-01-13 11:53:02,031 PST DEBUG DefaultTransport - Issuing request to https://api.dominoup.com/gitRepoUri/earino/tim_example with proxy detected as DIRECT (full request = Request(GET,<function2>,<function1>,List(),List((X-Domino-Api-Key,0PY3favaLmTACDZbcDzOsOTtoX9CXz4qlfLsqoEGHkvXKu2RUjFylRwgtB8iFAgn)),List(<function1>, <function1>, <function1>, <function1>, <function1>),DIRECT,UTF-8,4096))
2016-01-13 11:53:02,898 PST DEBUG ProjectControllerProxy - response from server: https://git.dominoup.com/projectrepos/5696/5696aace60b2d5c92aa96483.git
2016-01-13 11:53:02,901 PST  INFO CLIFileSyncClient - checking whether remote (https://git.dominoup.com/projectrepos/5696/5696aace60b2d5c92aa96483.git) needs to be upgraded to match new desired url (https://git.dominoup.com/projectrepos/5696/5696aace60b2d5c92aa96483.git)
2016-01-13 11:53:02,906 PST  INFO CLIFileSyncClient - Running in cloud mode, so using AnonymousS3BlobStore
2016-01-13 11:53:02,929 PST  INFO ProjectControllerProxy - getting git host from https://api.dominoup.com/gitRepoUri/earino/tim_example
2016-01-13 11:53:02,929 PST DEBUG DefaultTransport - Issuing request to https://api.dominoup.com/gitRepoUri/earino/tim_example with proxy detected as DIRECT (full request = Request(GET,<function2>,<function1>,List(),List((X-Domino-Api-Key,0PY3favaLmTACDZbcDzOsOTtoX9CXz4qlfLsqoEGHkvXKu2RUjFylRwgtB8iFAgn)),List(<function1>, <function1>, <function1>, <function1>, <function1>),DIRECT,UTF-8,4096))
2016-01-13 11:53:02,966 PST DEBUG ProjectControllerProxy - response from server: https://git.dominoup.com/projectrepos/5696/5696aace60b2d5c92aa96483.git
2016-01-13 11:53:02,966 PST  INFO CLIFileSyncClient - checking whether remote (https://git.dominoup.com/projectrepos/5696/5696aace60b2d5c92aa96483.git) needs to be upgraded to match new desired url (https://git.dominoup.com/projectrepos/5696/5696aace60b2d5c92aa96483.git)
2016-01-13 11:53:02,967 PST  INFO CLIFileSyncClient - Running in cloud mode, so using AnonymousS3BlobStore
2016-01-13 11:53:02,986 PST TRACE FileSyncClient - Starting upload...
2016-01-13 11:53:03,096 PST TRACE FileStructureRepo - Staging structure. Current branch = master, head commit ID = Some(AnyObjectId[493d2d68b3a82ac2d72cb06d1b8e8241c3dd12a7]).
2016-01-13 11:53:03,177 PST DEBUG FileStructureRepo - Staging structure complete. Head advanced to commit ID = Some(AnyObjectId[3198570948bd67e9243fba1caf4898cc7c567ee8]).
2016-01-13 11:53:03,181 PST TRACE FileStructureRepoSynchronizer - Upload starting...
2016-01-13 11:53:03,184 PST TRACE FileStructureRepoSynchronizer - Asserting repo is safe to operate.  repo state = SAFE, isClean = true, isSafe = true, currentBranch = master.
2016-01-13 11:53:03,188 PST DEBUG FileStructureRepoSynchronizer - Local paths:
	.dominoignore -> FileSignature(1448101570000,287,Sha1(a5f5eb83114b9b51af35b87c00dace198c7db58b))
	foo.R -> FileSignature(1452714717000,56,Sha1(3cb07b2422c044dd801e79132c6d381b9340363a))
2016-01-13 11:53:03,190 PST TRACE FileStructureRepo - Starting fetch: master = Some(AnyObjectId[3198570948bd67e9243fba1caf4898cc7c567ee8]), refs/remotes/origin/master = Some(AnyObjectId[493d2d68b3a82ac2d72cb06d1b8e8241c3dd12a7]).
2016-01-13 11:53:03,964 PST TRACE FileStructureRepo - Fetch complete: master = Some(AnyObjectId[3198570948bd67e9243fba1caf4898cc7c567ee8]), refs/remotes/origin/master = Some(AnyObjectId[493d2d68b3a82ac2d72cb06d1b8e8241c3dd12a7]).
2016-01-13 11:53:03,965 PST TRACE FileStructureRepo - Fetch result = [No Update]
2016-01-13 11:53:03,968 PST DEBUG FileStructureRepo - Computing diffs between base = refs/remotes/origin/master (493d2d68b3a82ac2d72cb06d1b8e8241c3dd12a7) and target = HEAD (3198570948bd67e9243fba1caf4898cc7c567ee8).
2016-01-13 11:53:03,970 PST DEBUG FileStructureRepo - Updates:
	. File .dominoignore up to date.
	+ Adding file foo.R
2016-01-13 11:53:03,970 PST TRACE FileStructureRepoSynchronizer - Upload before push starting
2016-01-13 11:53:04,145 PST DEBUG DefaultTransport - Issuing request to https://api.dominoup.com/blobs/signedPutUrl/3cb07b2422c044dd801e79132c6d381b9340363a/56?x=true with proxy detected as DIRECT (full request = Request(POST,<function2>,<function1>,List(),List((X-Domino-Api-Key,0PY3favaLmTACDZbcDzOsOTtoX9CXz4qlfLsqoEGHkvXKu2RUjFylRwgtB8iFAgn), (content-type,application/x-www-form-urlencoded)),List(<function1>, <function1>, <function1>, <function1>, <function1>),DIRECT,UTF-8,4096))
2016-01-13 11:53:04,179 PST  INFO AnonymousS3SingleProjectBlobStore - Generated signed PUT url: https://com-cerebro-domino-prod-blobs.s3-us-west-2.amazonaws.com/3cb07b2422c044dd801e79132c6d381b9340363a?AWSAccessKeyId=AKIAI5PSBTETLZMVAKCA&Expires=1452714883&Signature=5FC97CJnCVa2OdPfwwE9HU%2BRGT4%3D
2016-01-13 11:53:04,183 PST  INFO AnonymousS3SingleProjectBlobStore - Starting signed PUT request
2016-01-13 11:53:04,208 PST DEBUG Jets3tProperties - s3service.https-only=true
2016-01-13 11:53:04,208 PST DEBUG Jets3tProperties - storage-service.internal-error-retry-max=5
2016-01-13 11:53:04,208 PST DEBUG Jets3tProperties - storage-service.apply-recommended-dns-caching-defaults=true
2016-01-13 11:53:04,208 PST DEBUG StorageService - Setting recommended DNS caching defaults
2016-01-13 11:53:04,209 PST DEBUG StorageService - Using DNS caching system settings: networkaddress.cache.ttl=300, networkaddress.cache.negative.ttl=1
2016-01-13 11:53:04,214 PST DEBUG Jets3tProperties - http.connection-manager.factory-class-name=org.jets3t.service.utils.RestUtils$ConnManagerFactory
2016-01-13 11:53:04,214 PST DEBUG Jets3tProperties - httpclient.connection-timeout-ms=60000
2016-01-13 11:53:04,214 PST DEBUG Jets3tProperties - httpclient.socket-timeout-ms=60000
2016-01-13 11:53:04,214 PST DEBUG Jets3tProperties - httpclient.stale-checking-enabled=true
2016-01-13 11:53:04,214 PST DEBUG Jets3tProperties - httpclient.useragent=null
2016-01-13 11:53:04,216 PST DEBUG RestUtils - Setting user agent string: JetS3t/0.9.4 (Mac OS X/10.9.5; x86_64; en; JVM 1.8.0_05)
2016-01-13 11:53:04,216 PST DEBUG Jets3tProperties - http.protocol.expect-continue=true
2016-01-13 11:53:04,216 PST DEBUG Jets3tProperties - httpclient.connection-manager-timeout=0
2016-01-13 11:53:04,222 PST DEBUG Jets3tProperties - httpclient.retry-max=5
2016-01-13 11:53:04,222 PST DEBUG Jets3tProperties - httpclient.proxy-autodetect=true
2016-01-13 11:53:04,222 PST DEBUG Jets3tProperties - s3service.s3-endpoint=s3.amazonaws.com
2016-01-13 11:53:04,223 PST DEBUG PluginProxyUtil - About to attempt auto proxy detection under Java version:1.8.0_05-b13
2016-01-13 11:53:04,223 PST DEBUG PluginProxyUtil - Sun Plugin reported java version not 1.3.X, 1.4.X, 1.5.X or 1.6.X - trying failover detection...
2016-01-13 11:53:04,223 PST DEBUG PluginProxyUtil - Using failover proxy detection...
2016-01-13 11:53:04,224 PST DEBUG PluginProxyUtil - Plugin Proxy Config List Property:null
2016-01-13 11:53:04,224 PST DEBUG PluginProxyUtil - No configured plugin proxy list
2016-01-13 11:53:04,224 PST DEBUG Jets3tProperties - s3service.default-storage-class=null
2016-01-13 11:53:04,224 PST DEBUG Jets3tProperties - s3service.server-side-encryption=null
2016-01-13 11:53:04,224 PST DEBUG Jets3tProperties - devpay.user-token=null
2016-01-13 11:53:04,224 PST DEBUG Jets3tProperties - devpay.product-token=null
2016-01-13 11:53:04,224 PST DEBUG Jets3tProperties - httpclient.requester-pays-buckets-enabled=false
2016-01-13 11:53:04,226 PST DEBUG Jets3tProperties - storage-service.disable-live-md5=false
2016-01-13 11:53:04,226 PST DEBUG Jets3tProperties - s3service.s3-endpoint=s3.amazonaws.com
2016-01-13 11:53:04,227 PST DEBUG RepeatableRequestEntity - Setting maximal read-ahead mark limit for markable input stream com.cerebro.domino.common.sync.ConsoleProgressMonitoredInputStream assuming it doesn't use in-memory storage: 76
2016-01-13 11:53:04,227 PST DEBUG RepeatableRequestEntity - Setting maximal read-ahead mark limit for markable input stream java.io.ByteArrayInputStream assuming it doesn't use in-memory storage: 76
2016-01-13 11:53:04,227 PST DEBUG Jets3tProperties - httpclient.read-throttle=0
2016-01-13 11:53:04,227 PST DEBUG RestStorageService - Performing PUT request for 'https://com-cerebro-domino-prod-blobs.s3-us-west-2.amazonaws.com/3cb07b2422c044dd801e79132c6d381b9340363a?AWSAccessKeyId=AKIAI5PSBTETLZMVAKCA&Expires=1452714883&Signature=5FC97CJnCVa2OdPfwwE9HU%2BRGT4%3D', expecting response codes: [200]
2016-01-13 11:53:04,228 PST DEBUG RestStorageService - Headers: [Content-Encoding: gzip, x-amz-meta-domino-original-blob-length: 56, x-amz-server-side-encryption: AES256, Content-Type: application/x-gzip]
2016-01-13 11:53:04,228 PST DEBUG Jets3tProperties - httpclient.retry-max=5
2016-01-13 11:53:04,228 PST DEBUG RestStorageService - Service has no Credential and is un-authenticated, skipping authorization
2016-01-13 11:53:04,241 PST DEBUG Jets3tProperties - httpclient.max-connections=20
2016-01-13 11:53:04,242 PST DEBUG Jets3tProperties - httpclient.max-connections-per-host=0
2016-01-13 11:53:04,243 PST DEBUG Jets3tProperties - httpclient.connection.ttl=-1
2016-01-13 11:53:04,271 PST DEBUG RestUtils$ThreadSafeConnManager - Get connection: {s}->https://com-cerebro-domino-prod-blobs.s3-us-west-2.amazonaws.com:443, timeout = 0
2016-01-13 11:53:04,272 PST DEBUG ConnPoolByRoute - [{s}->https://com-cerebro-domino-prod-blobs.s3-us-west-2.amazonaws.com:443] total kept alive: 0, total issued: 0, total allocated: 0 out of 20
2016-01-13 11:53:04,272 PST DEBUG ConnPoolByRoute - No free connections [{s}->https://com-cerebro-domino-prod-blobs.s3-us-west-2.amazonaws.com:443][null]
2016-01-13 11:53:04,272 PST DEBUG ConnPoolByRoute - Available capacity: 20 out of 20 [{s}->https://com-cerebro-domino-prod-blobs.s3-us-west-2.amazonaws.com:443][null]
2016-01-13 11:53:04,272 PST DEBUG ConnPoolByRoute - Creating new connection [{s}->https://com-cerebro-domino-prod-blobs.s3-us-west-2.amazonaws.com:443]
2016-01-13 11:53:04,322 PST DEBUG DefaultClientConnectionOperator - Connecting to com-cerebro-domino-prod-blobs.s3-us-west-2.amazonaws.com:443
2016-01-13 11:53:04,510 PST DEBUG RequestAddCookies - CookieSpec selected: default
2016-01-13 11:53:04,511 PST DEBUG RequestAuthCache - Auth cache not set in the context
2016-01-13 11:53:04,511 PST DEBUG RequestTargetAuthentication - Target auth state: UNCHALLENGED
2016-01-13 11:53:04,511 PST DEBUG RequestProxyAuthentication - Proxy auth state: UNCHALLENGED
2016-01-13 11:53:04,511 PST DEBUG DefaultHttpClient - Attempt 1 to execute request
2016-01-13 11:53:04,511 PST DEBUG DefaultClientConnection - Sending request: PUT /3cb07b2422c044dd801e79132c6d381b9340363a?AWSAccessKeyId=AKIAI5PSBTETLZMVAKCA&Expires=1452714883&Signature=5FC97CJnCVa2OdPfwwE9HU%2BRGT4%3D HTTP/1.1
2016-01-13 11:53:04,512 PST DEBUG headers - >> PUT /3cb07b2422c044dd801e79132c6d381b9340363a?AWSAccessKeyId=AKIAI5PSBTETLZMVAKCA&Expires=1452714883&Signature=5FC97CJnCVa2OdPfwwE9HU%2BRGT4%3D HTTP/1.1
2016-01-13 11:53:04,512 PST DEBUG headers - >> Content-Encoding: gzip
2016-01-13 11:53:04,512 PST DEBUG headers - >> x-amz-meta-domino-original-blob-length: 56
2016-01-13 11:53:04,512 PST DEBUG headers - >> x-amz-server-side-encryption: AES256
2016-01-13 11:53:04,512 PST DEBUG headers - >> Content-Type: application/x-gzip
2016-01-13 11:53:04,512 PST DEBUG headers - >> Content-Length: 76
2016-01-13 11:53:04,512 PST DEBUG headers - >> Host: com-cerebro-domino-prod-blobs.s3-us-west-2.amazonaws.com
2016-01-13 11:53:04,512 PST DEBUG headers - >> Connection: Keep-Alive
2016-01-13 11:53:04,512 PST DEBUG headers - >> User-Agent: JetS3t/0.9.4 (Mac OS X/10.9.5; x86_64; en; JVM 1.8.0_05)
2016-01-13 11:53:04,512 PST DEBUG headers - >> Expect: 100-continue
2016-01-13 11:53:04,570 PST DEBUG DefaultClientConnection - Receiving response: HTTP/1.1 100 Continue
2016-01-13 11:53:04,571 PST DEBUG headers - << HTTP/1.1 100 Continue
2016-01-13 11:53:04,589 PST DEBUG RepeatableRequestEntity - MD5 digest of data sent for '3cb07b2422c044dd801e79132c6d381b9340363a' - B64:4mmPZYWAh6eHzVyF6Iue9g== Hex:e2698f65858087a787cd5c85e88b9ef6
2016-01-13 11:53:04,629 PST DEBUG DefaultClientConnection - Receiving response: HTTP/1.1 200 OK
2016-01-13 11:53:04,630 PST DEBUG headers - << HTTP/1.1 200 OK
2016-01-13 11:53:04,630 PST DEBUG headers - << x-amz-id-2: Gzu7MWyIfHfleVqahUR72aNOaBaXjhvzPXnuGyLnneXFClRnBDPcTuc7b344PUpHyXlbych4070=
2016-01-13 11:53:04,630 PST DEBUG headers - << x-amz-request-id: 75BADAB36A5EF4A1
2016-01-13 11:53:04,630 PST DEBUG headers - << Date: Wed, 13 Jan 2016 19:53:05 GMT
2016-01-13 11:53:04,630 PST DEBUG headers - << x-amz-server-side-encryption: AES256
2016-01-13 11:53:04,630 PST DEBUG headers - << ETag: "e2698f65858087a787cd5c85e88b9ef6"
2016-01-13 11:53:04,630 PST DEBUG headers - << Content-Length: 0
2016-01-13 11:53:04,630 PST DEBUG headers - << Server: AmazonS3
2016-01-13 11:53:04,633 PST DEBUG DefaultHttpClient - Connection can be kept alive indefinitely
2016-01-13 11:53:04,640 PST DEBUG RestStorageService - Response for 'PUT'. Content-Type: , Headers: [x-amz-id-2: Gzu7MWyIfHfleVqahUR72aNOaBaXjhvzPXnuGyLnneXFClRnBDPcTuc7b344PUpHyXlbych4070=, x-amz-request-id: 75BADAB36A5EF4A1, Date: Wed, 13 Jan 2016 19:53:05 GMT, x-amz-server-side-encryption: AES256, ETag: "e2698f65858087a787cd5c85e88b9ef6", Content-Length: 0, Server: AmazonS3]
2016-01-13 11:53:04,640 PST DEBUG RestStorageService - Response entity: org.apache.http.conn.BasicManagedEntity@7cbe1dd8
2016-01-13 11:53:04,640 PST DEBUG RestStorageService - Entity length: 0
2016-01-13 11:53:04,640 PST DEBUG RestStorageService - Received response code 200; matches one of expected set ([200])? true
2016-01-13 11:53:04,641 PST DEBUG RestUtils$ThreadSafeConnManager - Released connection is reusable.
2016-01-13 11:53:04,641 PST DEBUG ConnPoolByRoute - Releasing connection [{s}->https://com-cerebro-domino-prod-blobs.s3-us-west-2.amazonaws.com:443][null]
2016-01-13 11:53:04,641 PST DEBUG ConnPoolByRoute - Pooling connection [{s}->https://com-cerebro-domino-prod-blobs.s3-us-west-2.amazonaws.com:443][null]; keep alive indefinitely
2016-01-13 11:53:04,641 PST DEBUG ConnPoolByRoute - Notifying no-one, there are no waiting threads
2016-01-13 11:53:04,641 PST DEBUG ServiceUtils - Processing REST metadata items
2016-01-13 11:53:04,641 PST DEBUG ServiceUtils - Ignoring metadata item: Server=AmazonS3
2016-01-13 11:53:04,641 PST DEBUG ServiceUtils - Leaving header item unchanged: ETag="e2698f65858087a787cd5c85e88b9ef6"
2016-01-13 11:53:04,642 PST DEBUG ServiceUtils - Removed header prefix x-amz- from key: x-amz-request-id=>request-id
2016-01-13 11:53:04,642 PST DEBUG ServiceUtils - Removed header prefix x-amz- from key: x-amz-id-2=>id-2
2016-01-13 11:53:04,642 PST DEBUG ServiceUtils - Removed header prefix x-amz- from key: x-amz-server-side-encryption=>server-side-encryption
2016-01-13 11:53:04,642 PST DEBUG ServiceUtils - Leaving HTTP header item unchanged: Content-Length=0
2016-01-13 11:53:04,642 PST DEBUG ServiceUtils - Parsing date string 'Wed, 13 Jan 2016 19:53:05 GMT' into Date object for key: Date
2016-01-13 11:53:04,643 PST DEBUG ServiceUtils - Leaving header item unchanged: Date=Wed Jan 13 11:53:05 PST 2016
2016-01-13 11:53:04,643 PST DEBUG RestStorageService - Object upload was automatically verified, the calculated MD5 hash value matched the ETag returned by S3: 3cb07b2422c044dd801e79132c6d381b9340363a
2016-01-13 11:53:04,646 PST TRACE FileStructureRepoSynchronizer - Upload before push complete
2016-01-13 11:53:04,648 PST TRACE FileStructureRepo - Starting push to origin: local/master = Some(AnyObjectId[3198570948bd67e9243fba1caf4898cc7c567ee8]), origin/master = Some(AnyObjectId[493d2d68b3a82ac2d72cb06d1b8e8241c3dd12a7]).
2016-01-13 11:53:05,105 PST DEBUG FileStructureRepo - Push result: [RemoteRefUpdate[remoteName=refs/heads/master, OK, (null)...3198570948bd67e9243fba1caf4898cc7c567ee8, fastForward, srcRef=refs/heads/master, message=null]]
2016-01-13 11:53:05,107 PST DEBUG FileStructureRepo - Push to origin complete: local/master = Some(AnyObjectId[3198570948bd67e9243fba1caf4898cc7c567ee8]), origin/master = Some(AnyObjectId[3198570948bd67e9243fba1caf4898cc7c567ee8]).
2016-01-13 11:53:05,108 PST DEBUG FileStructureRepoSynchronizer - Upload complete.  Success = true
2016-01-13 11:53:05,108 PST DEBUG FileSyncClient - Upload complete. Success = true
2016-01-13 11:53:05,120 PST  INFO RunsControllerProxy - Starting run with input data at rev Some(AnyObjectId[3198570948bd67e9243fba1caf4898cc7c567ee8])
2016-01-13 11:53:05,129 PST DEBUG DefaultTransport - POST https://api.dominoup.com/v1/projects/earino/tim_example/runs body = (json) {"command":["foo.R"],"isDirect":false,"commitId":"3198570948bd67e9243fba1caf4898cc7c567ee8","title":null,"tier":null,"publishApiEndpoint":false}
2016-01-13 11:53:05,129 PST DEBUG DefaultTransport - Issuing request to https://api.dominoup.com/v1/projects/earino/tim_example/runs with proxy detected as DIRECT (full request = Request(POST,<function2>,<function1>,List(),List((X-Domino-Api-Key,0PY3favaLmTACDZbcDzOsOTtoX9CXz4qlfLsqoEGHkvXKu2RUjFylRwgtB8iFAgn), (Content-Type,application/json)),List(<function1>, <function1>, <function1>, <function1>, <function1>),DIRECT,UTF-8,4096))
2016-01-13 11:54:33,772 PST  INFO Domino - ================================================================================
2016-01-13 11:54:33,776 PST  INFO Domino - starting client
2016-01-13 11:54:33,776 PST DEBUG Domino - CWD = /Users/earino/play/tim_example
2016-01-13 11:54:33,777 PST  INFO Domino - executing command: sync
2016-01-13 11:54:34,060 PST  INFO ProjectControllerProxy - getting git host from https://api.dominoup.com/gitRepoUri/earino/tim_example
2016-01-13 11:54:34,066 PST DEBUG DefaultTransport - Issuing request to https://api.dominoup.com/gitRepoUri/earino/tim_example with proxy detected as DIRECT (full request = Request(GET,<function2>,<function1>,List(),List((X-Domino-Api-Key,0PY3favaLmTACDZbcDzOsOTtoX9CXz4qlfLsqoEGHkvXKu2RUjFylRwgtB8iFAgn)),List(<function1>, <function1>, <function1>, <function1>, <function1>),DIRECT,UTF-8,4096))
2016-01-13 11:54:34,872 PST DEBUG ProjectControllerProxy - response from server: https://git.dominoup.com/projectrepos/5696/5696aace60b2d5c92aa96483.git
2016-01-13 11:54:34,874 PST  INFO CLIFileSyncClient - checking whether remote (https://git.dominoup.com/projectrepos/5696/5696aace60b2d5c92aa96483.git) needs to be upgraded to match new desired url (https://git.dominoup.com/projectrepos/5696/5696aace60b2d5c92aa96483.git)
2016-01-13 11:54:34,878 PST  INFO CLIFileSyncClient - Running in cloud mode, so using AnonymousS3BlobStore
2016-01-13 11:54:34,907 PST TRACE FileSyncClient - Starting upload...
2016-01-13 11:54:35,005 PST TRACE FileStructureRepo - Staging structure. Current branch = master, head commit ID = Some(AnyObjectId[3198570948bd67e9243fba1caf4898cc7c567ee8]).
2016-01-13 11:54:35,088 PST DEBUG FileStructureRepo - Staging structure complete. Head advanced to commit ID = Some(AnyObjectId[4ecf783b66dd2721c94bfa4155d70c6481bc607b]).
2016-01-13 11:54:35,090 PST TRACE FileStructureRepoSynchronizer - Upload starting...
2016-01-13 11:54:35,093 PST TRACE FileStructureRepoSynchronizer - Asserting repo is safe to operate.  repo state = SAFE, isClean = true, isSafe = true, currentBranch = master.
2016-01-13 11:54:35,096 PST DEBUG FileStructureRepoSynchronizer - Local paths:
	.dominoignore -> FileSignature(1448101570000,287,Sha1(a5f5eb83114b9b51af35b87c00dace198c7db58b))
	foo.R -> FileSignature(1452714849000,56,Sha1(3cb07b2422c044dd801e79132c6d381b9340363a))
2016-01-13 11:54:35,098 PST TRACE FileStructureRepo - Starting fetch: master = Some(AnyObjectId[4ecf783b66dd2721c94bfa4155d70c6481bc607b]), refs/remotes/origin/master = Some(AnyObjectId[3198570948bd67e9243fba1caf4898cc7c567ee8]).
2016-01-13 11:54:35,646 PST TRACE FileStructureRepo - Fetch complete: master = Some(AnyObjectId[4ecf783b66dd2721c94bfa4155d70c6481bc607b]), refs/remotes/origin/master = Some(AnyObjectId[555de31eebc7c4a6634da9028ac2f54127583529]).
2016-01-13 11:54:35,647 PST TRACE FileStructureRepo - Fetch result = TrackingRefUpdate[refs/heads/master -> refs/remotes/origin/master (forced) 3198570..555de31]
2016-01-13 11:54:35,648 PST DEBUG FileStructureRepoSynchronizer - Upload complete.  Success = false
2016-01-13 11:54:35,648 PST DEBUG FileSyncClient - Upload complete. Success = false
2016-01-13 11:54:35,652 PST  INFO ProjectControllerProxy - getting git host from https://api.dominoup.com/gitRepoUri/earino/tim_example
2016-01-13 11:54:35,653 PST DEBUG DefaultTransport - Issuing request to https://api.dominoup.com/gitRepoUri/earino/tim_example with proxy detected as DIRECT (full request = Request(GET,<function2>,<function1>,List(),List((X-Domino-Api-Key,0PY3favaLmTACDZbcDzOsOTtoX9CXz4qlfLsqoEGHkvXKu2RUjFylRwgtB8iFAgn)),List(<function1>, <function1>, <function1>, <function1>, <function1>),DIRECT,UTF-8,4096))
2016-01-13 11:54:35,700 PST DEBUG ProjectControllerProxy - response from server: https://git.dominoup.com/projectrepos/5696/5696aace60b2d5c92aa96483.git
2016-01-13 11:54:35,701 PST  INFO CLIFileSyncClient - checking whether remote (https://git.dominoup.com/projectrepos/5696/5696aace60b2d5c92aa96483.git) needs to be upgraded to match new desired url (https://git.dominoup.com/projectrepos/5696/5696aace60b2d5c92aa96483.git)
2016-01-13 11:54:35,701 PST  INFO CLIFileSyncClient - Running in cloud mode, so using AnonymousS3BlobStore
2016-01-13 11:54:35,703 PST TRACE FileSyncClient - Starting download...
2016-01-13 11:54:35,710 PST TRACE FileStructureRepo - Staging structure. Current branch = master, head commit ID = Some(AnyObjectId[4ecf783b66dd2721c94bfa4155d70c6481bc607b]).
2016-01-13 11:54:35,714 PST DEBUG FileStructureRepo - Staging structure complete. Head advanced to commit ID = Some(AnyObjectId[4ecf783b66dd2721c94bfa4155d70c6481bc607b]).
2016-01-13 11:54:35,715 PST TRACE FileStructureRepoSynchronizer - Starting download...
2016-01-13 11:54:35,717 PST TRACE FileStructureRepoSynchronizer - Asserting repo is safe to operate.  repo state = SAFE, isClean = true, isSafe = true, currentBranch = master.
2016-01-13 11:54:35,721 PST TRACE FileStructureRepo - Starting fetch: master = Some(AnyObjectId[4ecf783b66dd2721c94bfa4155d70c6481bc607b]), refs/remotes/origin/master = Some(AnyObjectId[555de31eebc7c4a6634da9028ac2f54127583529]).
2016-01-13 11:54:35,979 PST TRACE FileStructureRepo - Fetch complete: master = Some(AnyObjectId[4ecf783b66dd2721c94bfa4155d70c6481bc607b]), refs/remotes/origin/master = Some(AnyObjectId[555de31eebc7c4a6634da9028ac2f54127583529]).
2016-01-13 11:54:35,979 PST TRACE FileStructureRepo - Fetch result = [No Update]
2016-01-13 11:54:35,981 PST TRACE FileStructureRepo - Finding shared ancestor between commit 4ecf783b66dd2721c94bfa4155d70c6481bc607b 1452714875 -----p and commit 555de31eebc7c4a6634da9028ac2f54127583529 1452714789 -----p
2016-01-13 11:54:35,985 PST DEBUG FileStructureRepo - Ancestors of Commit B, up until ancestors of A:
commit 555de31eebc7c4a6634da9028ac2f54127583529 1452714789 ----sp
2016-01-13 11:54:35,987 PST DEBUG FileStructureRepo - Shared ancestor computed as commit 3198570948bd67e9243fba1caf4898cc7c567ee8 1452714783 ---usp
2016-01-13 11:54:35,989 PST DEBUG FileStructureRepo - BranchState between master and refs/remotes/origin/master with currentHeadCommitId=AnyObjectId[4ecf783b66dd2721c94bfa4155d70c6481bc607b], sharedAncestorId=commit 3198570948bd67e9243fba1caf4898cc7c567ee8 1452714783 ---usp, serverTipCommitId=AnyObjectId[555de31eebc7c4a6634da9028ac2f54127583529] is BranchState(AnyObjectId[4ecf783b66dd2721c94bfa4155d70c6481bc607b],commit 3198570948bd67e9243fba1caf4898cc7c567ee8 1452714783 ---usp,AnyObjectId[555de31eebc7c4a6634da9028ac2f54127583529]).
2016-01-13 11:54:35,990 PST TRACE FileStructureRepoSynchronizer - Integrating fetch changes into local...
2016-01-13 11:54:35,991 PST TRACE FileStructureRepo - Starting fast-forward: master = Some(AnyObjectId[4ecf783b66dd2721c94bfa4155d70c6481bc607b]), origin/master = Some(AnyObjectId[555de31eebc7c4a6634da9028ac2f54127583529]).
2016-01-13 11:54:36,002 PST DEBUG FileStructureRepo - Merge result = Merge of revisions 4ecf783b66dd2721c94bfa4155d70c6481bc607b, 555de31eebc7c4a6634da9028ac2f54127583529 with base 555de31eebc7c4a6634da9028ac2f54127583529 using strategy recursive resulted in: Aborted. 
2016-01-13 11:54:36,003 PST DEBUG FileStructureRepo - Fast-forward failed with status = Aborted
2016-01-13 11:54:36,004 PST DEBUG FileStructureRepo - Fast-forward complete: master = Some(AnyObjectId[4ecf783b66dd2721c94bfa4155d70c6481bc607b]), origin/master = Some(AnyObjectId[555de31eebc7c4a6634da9028ac2f54127583529]).
2016-01-13 11:54:36,005 PST TRACE FileStructureRepo - Finding shared ancestor between commit 4ecf783b66dd2721c94bfa4155d70c6481bc607b 1452714875 -----p and commit 555de31eebc7c4a6634da9028ac2f54127583529 1452714789 -----p
2016-01-13 11:54:36,005 PST DEBUG FileStructureRepo - Ancestors of Commit B, up until ancestors of A:
commit 555de31eebc7c4a6634da9028ac2f54127583529 1452714789 ----sp
2016-01-13 11:54:36,005 PST DEBUG FileStructureRepo - Shared ancestor computed as commit 3198570948bd67e9243fba1caf4898cc7c567ee8 1452714783 ---usp
2016-01-13 11:54:36,006 PST DEBUG FileStructureRepo - BranchState between master and refs/remotes/origin/master with currentHeadCommitId=AnyObjectId[4ecf783b66dd2721c94bfa4155d70c6481bc607b], sharedAncestorId=commit 3198570948bd67e9243fba1caf4898cc7c567ee8 1452714783 ---usp, serverTipCommitId=AnyObjectId[555de31eebc7c4a6634da9028ac2f54127583529] is BranchState(AnyObjectId[4ecf783b66dd2721c94bfa4155d70c6481bc607b],commit 3198570948bd67e9243fba1caf4898cc7c567ee8 1452714783 ---usp,AnyObjectId[555de31eebc7c4a6634da9028ac2f54127583529]).
2016-01-13 11:54:36,007 PST DEBUG FileStructureRepo - Starting rebase onto origin: master = Some(AnyObjectId[4ecf783b66dd2721c94bfa4155d70c6481bc607b]), origin/master = Some(AnyObjectId[555de31eebc7c4a6634da9028ac2f54127583529]).
2016-01-13 11:54:36,049 PST DEBUG FileStructureRepo - Rebase succeeded.
2016-01-13 11:54:36,050 PST DEBUG FileStructureRepo - Rebase complete: master = Some(AnyObjectId[159de6b8f3c58838f5f8975fa4fbfcef8adbe5aa]), origin/master = Some(AnyObjectId[555de31eebc7c4a6634da9028ac2f54127583529]).
2016-01-13 11:54:36,059 PST DEBUG FileStructureRepo - Local changes:
+ Adding file domino.workspace.RData
+ Adding file domino.last.dump.rda
. File foo.R up to date.
+ Adding file results/stdout.txt
. File .dominoignore up to date.
2016-01-13 11:54:36,061 PST DEBUG FileStructureRepo - Origin changes:
+ Adding file domino.workspace.RData
+ Adding file domino.last.dump.rda
. File foo.R up to date.
+ Adding file results/stdout.txt
. File .dominoignore up to date.
2016-01-13 11:54:36,070 PST DEBUG FileStructureRepo - Merged updates:
FileUpdate(+ Adding file domino.last.dump.rda,None)
FileUpdate(. File foo.R up to date.,None)
FileUpdate(+ Adding file domino.workspace.RData,None)
FileUpdate(+ Adding file results/stdout.txt,None)
FileUpdate(. File .dominoignore up to date.,None)
2016-01-13 11:54:36,071 PST TRACE FileStructureRepoSynchronizer - Integrating changes complete.
2016-01-13 11:54:36,071 PST TRACE FileStructureRepoSynchronizer - Download updates: FileUpdate(+ Adding file domino.last.dump.rda,None);FileUpdate(. File foo.R up to date.,None);FileUpdate(+ Adding file domino.workspace.RData,None);FileUpdate(+ Adding file results/stdout.txt,None);FileUpdate(. File .dominoignore up to date.,None)
2016-01-13 11:54:36,072 PST DEBUG FileStructureRepoSynchronizer - Download updates size = 5
2016-01-13 11:54:36,093 PST DEBUG DefaultTransport - Issuing request to https://api.dominoup.com/blobs/signedGetUrl/5c3618e918c9dd385a5d9f03a24b95278e4a8eb6 with proxy detected as DIRECT (full request = Request(POST,<function2>,<function1>,List(),List((X-Domino-Api-Key,0PY3favaLmTACDZbcDzOsOTtoX9CXz4qlfLsqoEGHkvXKu2RUjFylRwgtB8iFAgn), (content-type,application/x-www-form-urlencoded)),List(<function1>, <function1>, <function1>, <function1>, <function1>),DIRECT,UTF-8,4096))
2016-01-13 11:54:36,093 PST DEBUG DefaultTransport - Issuing request to https://api.dominoup.com/blobs/signedGetUrl/f1856081cddf9fa90253623625c9c01c6d558d45 with proxy detected as DIRECT (full request = Request(POST,<function2>,<function1>,List(),List((X-Domino-Api-Key,0PY3favaLmTACDZbcDzOsOTtoX9CXz4qlfLsqoEGHkvXKu2RUjFylRwgtB8iFAgn), (content-type,application/x-www-form-urlencoded)),List(<function1>, <function1>, <function1>, <function1>, <function1>),DIRECT,UTF-8,4096))
2016-01-13 11:54:36,093 PST DEBUG DefaultTransport - Issuing request to https://api.dominoup.com/blobs/signedGetUrl/45134ec97cd1fa4530e97ccff0405028ce458ebb with proxy detected as DIRECT (full request = Request(POST,<function2>,<function1>,List(),List((X-Domino-Api-Key,0PY3favaLmTACDZbcDzOsOTtoX9CXz4qlfLsqoEGHkvXKu2RUjFylRwgtB8iFAgn), (content-type,application/x-www-form-urlencoded)),List(<function1>, <function1>, <function1>, <function1>, <function1>),DIRECT,UTF-8,4096))
2016-01-13 11:54:36,150 PST  INFO AnonymousS3SingleProjectBlobStore - Generated signed GET url: https://com-cerebro-domino-prod-blobs.s3-us-west-2.amazonaws.com/5c3618e918c9dd385a5d9f03a24b95278e4a8eb6?AWSAccessKeyId=AKIAI5PSBTETLZMVAKCA&Expires=1452714975&Signature=CQOsiPWXUfb3nNjAqBaxGfXDD8c%3D
2016-01-13 11:54:36,150 PST  INFO AnonymousS3SingleProjectBlobStore - Starting signed GET request
2016-01-13 11:54:36,178 PST DEBUG Jets3tProperties - s3service.https-only=true
2016-01-13 11:54:36,179 PST DEBUG Jets3tProperties - storage-service.internal-error-retry-max=5
2016-01-13 11:54:36,179 PST DEBUG Jets3tProperties - storage-service.apply-recommended-dns-caching-defaults=true
2016-01-13 11:54:36,179 PST DEBUG StorageService - Setting recommended DNS caching defaults
2016-01-13 11:54:36,179 PST DEBUG StorageService - Using DNS caching system settings: networkaddress.cache.ttl=300, networkaddress.cache.negative.ttl=1
2016-01-13 11:54:36,184 PST DEBUG Jets3tProperties - http.connection-manager.factory-class-name=org.jets3t.service.utils.RestUtils$ConnManagerFactory
2016-01-13 11:54:36,184 PST DEBUG Jets3tProperties - httpclient.connection-timeout-ms=60000
2016-01-13 11:54:36,184 PST DEBUG Jets3tProperties - httpclient.socket-timeout-ms=60000
2016-01-13 11:54:36,184 PST DEBUG Jets3tProperties - httpclient.stale-checking-enabled=true
2016-01-13 11:54:36,184 PST DEBUG Jets3tProperties - httpclient.useragent=null
2016-01-13 11:54:36,187 PST DEBUG RestUtils - Setting user agent string: JetS3t/0.9.4 (Mac OS X/10.9.5; x86_64; en; JVM 1.8.0_05)
2016-01-13 11:54:36,187 PST DEBUG Jets3tProperties - http.protocol.expect-continue=true
2016-01-13 11:54:36,187 PST DEBUG Jets3tProperties - httpclient.connection-manager-timeout=0
2016-01-13 11:54:36,192 PST DEBUG Jets3tProperties - httpclient.retry-max=5
2016-01-13 11:54:36,192 PST DEBUG Jets3tProperties - httpclient.proxy-autodetect=true
2016-01-13 11:54:36,193 PST DEBUG Jets3tProperties - s3service.s3-endpoint=s3.amazonaws.com
2016-01-13 11:54:36,194 PST DEBUG PluginProxyUtil - About to attempt auto proxy detection under Java version:1.8.0_05-b13
2016-01-13 11:54:36,194 PST DEBUG PluginProxyUtil - Sun Plugin reported java version not 1.3.X, 1.4.X, 1.5.X or 1.6.X - trying failover detection...
2016-01-13 11:54:36,194 PST DEBUG PluginProxyUtil - Using failover proxy detection...
2016-01-13 11:54:36,194 PST DEBUG PluginProxyUtil - Plugin Proxy Config List Property:null
2016-01-13 11:54:36,194 PST DEBUG PluginProxyUtil - No configured plugin proxy list
2016-01-13 11:54:36,194 PST DEBUG Jets3tProperties - s3service.default-storage-class=null
2016-01-13 11:54:36,194 PST DEBUG Jets3tProperties - s3service.server-side-encryption=null
2016-01-13 11:54:36,195 PST DEBUG Jets3tProperties - devpay.user-token=null
2016-01-13 11:54:36,195 PST DEBUG Jets3tProperties - devpay.product-token=null
2016-01-13 11:54:36,195 PST DEBUG Jets3tProperties - httpclient.requester-pays-buckets-enabled=false
2016-01-13 11:54:36,195 PST DEBUG Jets3tProperties - s3service.s3-endpoint=s3.amazonaws.com
2016-01-13 11:54:36,196 PST DEBUG RestStorageService - Performing GET request for 'https://com-cerebro-domino-prod-blobs.s3-us-west-2.amazonaws.com/5c3618e918c9dd385a5d9f03a24b95278e4a8eb6?AWSAccessKeyId=AKIAI5PSBTETLZMVAKCA&Expires=1452714975&Signature=CQOsiPWXUfb3nNjAqBaxGfXDD8c%3D', expecting response codes: [200]
2016-01-13 11:54:36,196 PST DEBUG RestStorageService - Headers: []
2016-01-13 11:54:36,196 PST DEBUG Jets3tProperties - httpclient.retry-max=5
2016-01-13 11:54:36,196 PST DEBUG RestStorageService - Service has no Credential and is un-authenticated, skipping authorization
2016-01-13 11:54:36,198 PST  INFO AnonymousS3SingleProjectBlobStore - Generated signed GET url: https://com-cerebro-domino-prod-blobs.s3-us-west-2.amazonaws.com/45134ec97cd1fa4530e97ccff0405028ce458ebb?AWSAccessKeyId=AKIAI5PSBTETLZMVAKCA&Expires=1452714975&Signature=FRHOCsh8P4sy3zyA9F4b9yPTA%2BU%3D
2016-01-13 11:54:36,198 PST  INFO AnonymousS3SingleProjectBlobStore - Starting signed GET request
2016-01-13 11:54:36,199 PST DEBUG Jets3tProperties - s3service.https-only=true
2016-01-13 11:54:36,199 PST DEBUG Jets3tProperties - storage-service.internal-error-retry-max=5
2016-01-13 11:54:36,199 PST DEBUG Jets3tProperties - storage-service.apply-recommended-dns-caching-defaults=true
2016-01-13 11:54:36,199 PST DEBUG StorageService - Setting recommended DNS caching defaults
2016-01-13 11:54:36,199 PST DEBUG StorageService - Using DNS caching system settings: networkaddress.cache.ttl=300, networkaddress.cache.negative.ttl=1
2016-01-13 11:54:36,199 PST DEBUG Jets3tProperties - http.connection-manager.factory-class-name=org.jets3t.service.utils.RestUtils$ConnManagerFactory
2016-01-13 11:54:36,199 PST DEBUG Jets3tProperties - httpclient.connection-timeout-ms=60000
2016-01-13 11:54:36,199 PST DEBUG Jets3tProperties - httpclient.socket-timeout-ms=60000
2016-01-13 11:54:36,199 PST DEBUG Jets3tProperties - httpclient.stale-checking-enabled=true
2016-01-13 11:54:36,199 PST DEBUG Jets3tProperties - httpclient.useragent=null
2016-01-13 11:54:36,199 PST DEBUG RestUtils - Setting user agent string: JetS3t/0.9.4 (Mac OS X/10.9.5; x86_64; en; JVM 1.8.0_05)
2016-01-13 11:54:36,199 PST DEBUG Jets3tProperties - http.protocol.expect-continue=true
2016-01-13 11:54:36,199 PST DEBUG Jets3tProperties - httpclient.connection-manager-timeout=0
2016-01-13 11:54:36,199 PST DEBUG Jets3tProperties - httpclient.retry-max=5
2016-01-13 11:54:36,199 PST DEBUG Jets3tProperties - httpclient.proxy-autodetect=true
2016-01-13 11:54:36,199 PST DEBUG Jets3tProperties - s3service.s3-endpoint=s3.amazonaws.com
2016-01-13 11:54:36,200 PST DEBUG PluginProxyUtil - About to attempt auto proxy detection under Java version:1.8.0_05-b13
2016-01-13 11:54:36,200 PST DEBUG PluginProxyUtil - Sun Plugin reported java version not 1.3.X, 1.4.X, 1.5.X or 1.6.X - trying failover detection...
2016-01-13 11:54:36,200 PST DEBUG PluginProxyUtil - Using failover proxy detection...
2016-01-13 11:54:36,200 PST DEBUG PluginProxyUtil - Plugin Proxy Config List Property:null
2016-01-13 11:54:36,200 PST DEBUG PluginProxyUtil - No configured plugin proxy list
2016-01-13 11:54:36,200 PST DEBUG Jets3tProperties - s3service.default-storage-class=null
2016-01-13 11:54:36,200 PST DEBUG Jets3tProperties - s3service.server-side-encryption=null
2016-01-13 11:54:36,200 PST DEBUG Jets3tProperties - devpay.user-token=null
2016-01-13 11:54:36,200 PST DEBUG Jets3tProperties - devpay.product-token=null
2016-01-13 11:54:36,200 PST DEBUG Jets3tProperties - httpclient.requester-pays-buckets-enabled=false
2016-01-13 11:54:36,200 PST DEBUG Jets3tProperties - s3service.s3-endpoint=s3.amazonaws.com
2016-01-13 11:54:36,200 PST DEBUG RestStorageService - Performing GET request for 'https://com-cerebro-domino-prod-blobs.s3-us-west-2.amazonaws.com/45134ec97cd1fa4530e97ccff0405028ce458ebb?AWSAccessKeyId=AKIAI5PSBTETLZMVAKCA&Expires=1452714975&Signature=FRHOCsh8P4sy3zyA9F4b9yPTA%2BU%3D', expecting response codes: [200]
2016-01-13 11:54:36,200 PST DEBUG RestStorageService - Headers: []
2016-01-13 11:54:36,200 PST DEBUG Jets3tProperties - httpclient.retry-max=5
2016-01-13 11:54:36,200 PST DEBUG RestStorageService - Service has no Credential and is un-authenticated, skipping authorization
2016-01-13 11:54:36,201 PST  INFO AnonymousS3SingleProjectBlobStore - Generated signed GET url: https://com-cerebro-domino-prod-blobs.s3-us-west-2.amazonaws.com/f1856081cddf9fa90253623625c9c01c6d558d45?AWSAccessKeyId=AKIAI5PSBTETLZMVAKCA&Expires=1452714975&Signature=HRxEGM89BgeV4FsocjKrDmWXtKQ%3D
2016-01-13 11:54:36,201 PST  INFO AnonymousS3SingleProjectBlobStore - Starting signed GET request
2016-01-13 11:54:36,201 PST DEBUG Jets3tProperties - s3service.https-only=true
2016-01-13 11:54:36,201 PST DEBUG Jets3tProperties - storage-service.internal-error-retry-max=5
2016-01-13 11:54:36,201 PST DEBUG Jets3tProperties - storage-service.apply-recommended-dns-caching-defaults=true
2016-01-13 11:54:36,201 PST DEBUG StorageService - Setting recommended DNS caching defaults
2016-01-13 11:54:36,201 PST DEBUG StorageService - Using DNS caching system settings: networkaddress.cache.ttl=300, networkaddress.cache.negative.ttl=1
2016-01-13 11:54:36,201 PST DEBUG Jets3tProperties - http.connection-manager.factory-class-name=org.jets3t.service.utils.RestUtils$ConnManagerFactory
2016-01-13 11:54:36,201 PST DEBUG Jets3tProperties - httpclient.connection-timeout-ms=60000
2016-01-13 11:54:36,202 PST DEBUG Jets3tProperties - httpclient.socket-timeout-ms=60000
2016-01-13 11:54:36,202 PST DEBUG Jets3tProperties - httpclient.stale-checking-enabled=true
2016-01-13 11:54:36,202 PST DEBUG Jets3tProperties - httpclient.useragent=null
2016-01-13 11:54:36,202 PST DEBUG RestUtils - Setting user agent string: JetS3t/0.9.4 (Mac OS X/10.9.5; x86_64; en; JVM 1.8.0_05)
2016-01-13 11:54:36,202 PST DEBUG Jets3tProperties - http.protocol.expect-continue=true
2016-01-13 11:54:36,202 PST DEBUG Jets3tProperties - httpclient.connection-manager-timeout=0
2016-01-13 11:54:36,202 PST DEBUG Jets3tProperties - httpclient.retry-max=5
2016-01-13 11:54:36,202 PST DEBUG Jets3tProperties - httpclient.proxy-autodetect=true
2016-01-13 11:54:36,202 PST DEBUG Jets3tProperties - s3service.s3-endpoint=s3.amazonaws.com
2016-01-13 11:54:36,202 PST DEBUG PluginProxyUtil - About to attempt auto proxy detection under Java version:1.8.0_05-b13
2016-01-13 11:54:36,202 PST DEBUG PluginProxyUtil - Sun Plugin reported java version not 1.3.X, 1.4.X, 1.5.X or 1.6.X - trying failover detection...
2016-01-13 11:54:36,202 PST DEBUG PluginProxyUtil - Using failover proxy detection...
2016-01-13 11:54:36,202 PST DEBUG PluginProxyUtil - Plugin Proxy Config List Property:null
2016-01-13 11:54:36,202 PST DEBUG PluginProxyUtil - No configured plugin proxy list
2016-01-13 11:54:36,202 PST DEBUG Jets3tProperties - s3service.default-storage-class=null
2016-01-13 11:54:36,202 PST DEBUG Jets3tProperties - s3service.server-side-encryption=null
2016-01-13 11:54:36,202 PST DEBUG Jets3tProperties - devpay.user-token=null
2016-01-13 11:54:36,202 PST DEBUG Jets3tProperties - devpay.product-token=null
2016-01-13 11:54:36,203 PST DEBUG Jets3tProperties - httpclient.requester-pays-buckets-enabled=false
2016-01-13 11:54:36,203 PST DEBUG Jets3tProperties - s3service.s3-endpoint=s3.amazonaws.com
2016-01-13 11:54:36,203 PST DEBUG RestStorageService - Performing GET request for 'https://com-cerebro-domino-prod-blobs.s3-us-west-2.amazonaws.com/f1856081cddf9fa90253623625c9c01c6d558d45?AWSAccessKeyId=AKIAI5PSBTETLZMVAKCA&Expires=1452714975&Signature=HRxEGM89BgeV4FsocjKrDmWXtKQ%3D', expecting response codes: [200]
2016-01-13 11:54:36,203 PST DEBUG RestStorageService - Headers: []
2016-01-13 11:54:36,203 PST DEBUG Jets3tProperties - httpclient.retry-max=5
2016-01-13 11:54:36,203 PST DEBUG RestStorageService - Service has no Credential and is un-authenticated, skipping authorization
2016-01-13 11:54:36,210 PST DEBUG Jets3tProperties - httpclient.max-connections=20
2016-01-13 11:54:36,210 PST DEBUG Jets3tProperties - httpclient.max-connections=20
2016-01-13 11:54:36,210 PST DEBUG Jets3tProperties - httpclient.max-connections=20
2016-01-13 11:54:36,210 PST DEBUG Jets3tProperties - httpclient.max-connections-per-host=0
2016-01-13 11:54:36,210 PST DEBUG Jets3tProperties - httpclient.max-connections-per-host=0
2016-01-13 11:54:36,210 PST DEBUG Jets3tProperties - httpclient.max-connections-per-host=0
2016-01-13 11:54:36,211 PST DEBUG Jets3tProperties - httpclient.connection.ttl=-1
2016-01-13 11:54:36,211 PST DEBUG Jets3tProperties - httpclient.connection.ttl=-1
2016-01-13 11:54:36,211 PST DEBUG Jets3tProperties - httpclient.connection.ttl=-1
2016-01-13 11:54:36,246 PST DEBUG RestUtils$ThreadSafeConnManager - Get connection: {s}->https://com-cerebro-domino-prod-blobs.s3-us-west-2.amazonaws.com:443, timeout = 0
2016-01-13 11:54:36,246 PST DEBUG RestUtils$ThreadSafeConnManager - Get connection: {s}->https://com-cerebro-domino-prod-blobs.s3-us-west-2.amazonaws.com:443, timeout = 0
2016-01-13 11:54:36,246 PST DEBUG RestUtils$ThreadSafeConnManager - Get connection: {s}->https://com-cerebro-domino-prod-blobs.s3-us-west-2.amazonaws.com:443, timeout = 0
2016-01-13 11:54:36,247 PST DEBUG ConnPoolByRoute - [{s}->https://com-cerebro-domino-prod-blobs.s3-us-west-2.amazonaws.com:443] total kept alive: 0, total issued: 0, total allocated: 0 out of 20
2016-01-13 11:54:36,247 PST DEBUG ConnPoolByRoute - [{s}->https://com-cerebro-domino-prod-blobs.s3-us-west-2.amazonaws.com:443] total kept alive: 0, total issued: 0, total allocated: 0 out of 20
2016-01-13 11:54:36,247 PST DEBUG ConnPoolByRoute - [{s}->https://com-cerebro-domino-prod-blobs.s3-us-west-2.amazonaws.com:443] total kept alive: 0, total issued: 0, total allocated: 0 out of 20
2016-01-13 11:54:36,247 PST DEBUG ConnPoolByRoute - No free connections [{s}->https://com-cerebro-domino-prod-blobs.s3-us-west-2.amazonaws.com:443][null]
2016-01-13 11:54:36,247 PST DEBUG ConnPoolByRoute - No free connections [{s}->https://com-cerebro-domino-prod-blobs.s3-us-west-2.amazonaws.com:443][null]
2016-01-13 11:54:36,247 PST DEBUG ConnPoolByRoute - Available capacity: 20 out of 20 [{s}->https://com-cerebro-domino-prod-blobs.s3-us-west-2.amazonaws.com:443][null]
2016-01-13 11:54:36,247 PST DEBUG ConnPoolByRoute - No free connections [{s}->https://com-cerebro-domino-prod-blobs.s3-us-west-2.amazonaws.com:443][null]
2016-01-13 11:54:36,247 PST DEBUG ConnPoolByRoute - Creating new connection [{s}->https://com-cerebro-domino-prod-blobs.s3-us-west-2.amazonaws.com:443]
2016-01-13 11:54:36,247 PST DEBUG ConnPoolByRoute - Available capacity: 20 out of 20 [{s}->https://com-cerebro-domino-prod-blobs.s3-us-west-2.amazonaws.com:443][null]
2016-01-13 11:54:36,247 PST DEBUG ConnPoolByRoute - Available capacity: 20 out of 20 [{s}->https://com-cerebro-domino-prod-blobs.s3-us-west-2.amazonaws.com:443][null]
2016-01-13 11:54:36,247 PST DEBUG ConnPoolByRoute - Creating new connection [{s}->https://com-cerebro-domino-prod-blobs.s3-us-west-2.amazonaws.com:443]
2016-01-13 11:54:36,247 PST DEBUG ConnPoolByRoute - Creating new connection [{s}->https://com-cerebro-domino-prod-blobs.s3-us-west-2.amazonaws.com:443]
2016-01-13 11:54:36,702 PST DEBUG DefaultClientConnectionOperator - Connecting to com-cerebro-domino-prod-blobs.s3-us-west-2.amazonaws.com:443
2016-01-13 11:54:36,702 PST DEBUG DefaultClientConnectionOperator - Connecting to com-cerebro-domino-prod-blobs.s3-us-west-2.amazonaws.com:443
2016-01-13 11:54:36,702 PST DEBUG DefaultClientConnectionOperator - Connecting to com-cerebro-domino-prod-blobs.s3-us-west-2.amazonaws.com:443
2016-01-13 11:54:36,923 PST DEBUG RequestAddCookies - CookieSpec selected: default
2016-01-13 11:54:36,924 PST DEBUG RequestAuthCache - Auth cache not set in the context
2016-01-13 11:54:36,924 PST DEBUG RequestTargetAuthentication - Target auth state: UNCHALLENGED
2016-01-13 11:54:36,924 PST DEBUG RequestProxyAuthentication - Proxy auth state: UNCHALLENGED
2016-01-13 11:54:36,925 PST DEBUG DefaultHttpClient - Attempt 1 to execute request
2016-01-13 11:54:36,925 PST DEBUG DefaultClientConnection - Sending request: GET /5c3618e918c9dd385a5d9f03a24b95278e4a8eb6?AWSAccessKeyId=AKIAI5PSBTETLZMVAKCA&Expires=1452714975&Signature=CQOsiPWXUfb3nNjAqBaxGfXDD8c%3D HTTP/1.1
2016-01-13 11:54:36,925 PST DEBUG headers - >> GET /5c3618e918c9dd385a5d9f03a24b95278e4a8eb6?AWSAccessKeyId=AKIAI5PSBTETLZMVAKCA&Expires=1452714975&Signature=CQOsiPWXUfb3nNjAqBaxGfXDD8c%3D HTTP/1.1
2016-01-13 11:54:36,925 PST DEBUG headers - >> Host: com-cerebro-domino-prod-blobs.s3-us-west-2.amazonaws.com
2016-01-13 11:54:36,925 PST DEBUG headers - >> Connection: Keep-Alive
2016-01-13 11:54:36,926 PST DEBUG headers - >> User-Agent: JetS3t/0.9.4 (Mac OS X/10.9.5; x86_64; en; JVM 1.8.0_05)
2016-01-13 11:54:36,939 PST DEBUG RequestAddCookies - CookieSpec selected: default
2016-01-13 11:54:36,940 PST DEBUG RequestAuthCache - Auth cache not set in the context
2016-01-13 11:54:36,940 PST DEBUG RequestTargetAuthentication - Target auth state: UNCHALLENGED
2016-01-13 11:54:36,940 PST DEBUG RequestProxyAuthentication - Proxy auth state: UNCHALLENGED
2016-01-13 11:54:36,940 PST DEBUG DefaultHttpClient - Attempt 1 to execute request
2016-01-13 11:54:36,940 PST DEBUG DefaultClientConnection - Sending request: GET /45134ec97cd1fa4530e97ccff0405028ce458ebb?AWSAccessKeyId=AKIAI5PSBTETLZMVAKCA&Expires=1452714975&Signature=FRHOCsh8P4sy3zyA9F4b9yPTA%2BU%3D HTTP/1.1
2016-01-13 11:54:36,940 PST DEBUG headers - >> GET /45134ec97cd1fa4530e97ccff0405028ce458ebb?AWSAccessKeyId=AKIAI5PSBTETLZMVAKCA&Expires=1452714975&Signature=FRHOCsh8P4sy3zyA9F4b9yPTA%2BU%3D HTTP/1.1
2016-01-13 11:54:36,940 PST DEBUG headers - >> Host: com-cerebro-domino-prod-blobs.s3-us-west-2.amazonaws.com
2016-01-13 11:54:36,940 PST DEBUG headers - >> Connection: Keep-Alive
2016-01-13 11:54:36,940 PST DEBUG headers - >> User-Agent: JetS3t/0.9.4 (Mac OS X/10.9.5; x86_64; en; JVM 1.8.0_05)
2016-01-13 11:54:36,961 PST DEBUG RequestAddCookies - CookieSpec selected: default
2016-01-13 11:54:36,961 PST DEBUG RequestAuthCache - Auth cache not set in the context
2016-01-13 11:54:36,962 PST DEBUG RequestTargetAuthentication - Target auth state: UNCHALLENGED
2016-01-13 11:54:36,962 PST DEBUG RequestProxyAuthentication - Proxy auth state: UNCHALLENGED
2016-01-13 11:54:36,962 PST DEBUG DefaultHttpClient - Attempt 1 to execute request
2016-01-13 11:54:36,962 PST DEBUG DefaultClientConnection - Sending request: GET /f1856081cddf9fa90253623625c9c01c6d558d45?AWSAccessKeyId=AKIAI5PSBTETLZMVAKCA&Expires=1452714975&Signature=HRxEGM89BgeV4FsocjKrDmWXtKQ%3D HTTP/1.1
2016-01-13 11:54:36,962 PST DEBUG headers - >> GET /f1856081cddf9fa90253623625c9c01c6d558d45?AWSAccessKeyId=AKIAI5PSBTETLZMVAKCA&Expires=1452714975&Signature=HRxEGM89BgeV4FsocjKrDmWXtKQ%3D HTTP/1.1
2016-01-13 11:54:36,962 PST DEBUG headers - >> Host: com-cerebro-domino-prod-blobs.s3-us-west-2.amazonaws.com
2016-01-13 11:54:36,962 PST DEBUG headers - >> Connection: Keep-Alive
2016-01-13 11:54:36,968 PST DEBUG headers - >> User-Agent: JetS3t/0.9.4 (Mac OS X/10.9.5; x86_64; en; JVM 1.8.0_05)
2016-01-13 11:54:36,978 PST DEBUG DefaultClientConnection - Receiving response: HTTP/1.1 200 OK
2016-01-13 11:54:36,978 PST DEBUG headers - << HTTP/1.1 200 OK
2016-01-13 11:54:36,978 PST DEBUG headers - << x-amz-id-2: 2jJoG3LdWgVyLjCa03iUeTDKxdjBIcB2VedP/fps9uQShasNwjqk14Uawv/8DFS/xWPyi9v5rdE=
2016-01-13 11:54:36,978 PST DEBUG headers - << x-amz-request-id: 73B7F5B35E3F7A23
2016-01-13 11:54:36,978 PST DEBUG headers - << Date: Wed, 13 Jan 2016 19:54:37 GMT
2016-01-13 11:54:36,978 PST DEBUG headers - << Content-Encoding: gzip
2016-01-13 11:54:36,978 PST DEBUG headers - << x-amz-meta-domino-original-blob-length: 976
2016-01-13 11:54:36,978 PST DEBUG headers - << Last-Modified: Wed, 13 Jan 2016 19:53:10 GMT
2016-01-13 11:54:36,978 PST DEBUG headers - << ETag: "f85b5db7fffab46a0397c98cbebe90de"
2016-01-13 11:54:36,978 PST DEBUG headers - << x-amz-server-side-encryption: AES256
2016-01-13 11:54:36,978 PST DEBUG headers - << Accept-Ranges: bytes
2016-01-13 11:54:36,978 PST DEBUG headers - << Content-Type: application/x-gzip
2016-01-13 11:54:36,978 PST DEBUG headers - << Content-Length: 589
2016-01-13 11:54:36,978 PST DEBUG headers - << Server: AmazonS3
2016-01-13 11:54:36,981 PST DEBUG DefaultHttpClient - Connection can be kept alive indefinitely
2016-01-13 11:54:36,987 PST DEBUG RestStorageService - Response for 'GET'. Content-Type: application/x-gzip, Headers: [x-amz-id-2: 2jJoG3LdWgVyLjCa03iUeTDKxdjBIcB2VedP/fps9uQShasNwjqk14Uawv/8DFS/xWPyi9v5rdE=, x-amz-request-id: 73B7F5B35E3F7A23, Date: Wed, 13 Jan 2016 19:54:37 GMT, Content-Encoding: gzip, x-amz-meta-domino-original-blob-length: 976, Last-Modified: Wed, 13 Jan 2016 19:53:10 GMT, ETag: "f85b5db7fffab46a0397c98cbebe90de", x-amz-server-side-encryption: AES256, Accept-Ranges: bytes, Content-Type: application/x-gzip, Content-Length: 589, Server: AmazonS3]
2016-01-13 11:54:36,987 PST DEBUG RestStorageService - Response entity: org.apache.http.conn.BasicManagedEntity@3d9fc295
2016-01-13 11:54:36,987 PST DEBUG RestStorageService - Entity length: 589
2016-01-13 11:54:36,987 PST DEBUG RestStorageService - Received response code 200; matches one of expected set ([200])? true
2016-01-13 11:54:36,989 PST DEBUG ServiceUtils - Processing REST metadata items
2016-01-13 11:54:36,989 PST DEBUG ServiceUtils - Ignoring metadata item: Server=AmazonS3
2016-01-13 11:54:36,989 PST DEBUG ServiceUtils - Removed user metadata header prefix x-amz-meta- from key: x-amz-meta-domino-original-blob-length=>domino-original-blob-length
2016-01-13 11:54:36,989 PST DEBUG ServiceUtils - Parsing date string 'Wed, 13 Jan 2016 19:53:10 GMT' into Date object for key: Last-Modified
2016-01-13 11:54:36,990 PST DEBUG ServiceUtils - Leaving header item unchanged: Last-Modified=Wed Jan 13 11:53:10 PST 2016
2016-01-13 11:54:36,990 PST DEBUG ServiceUtils - Removed header prefix x-amz- from key: x-amz-server-side-encryption=>server-side-encryption
2016-01-13 11:54:36,990 PST DEBUG ServiceUtils - Parsing date string 'Wed, 13 Jan 2016 19:54:37 GMT' into Date object for key: Date
2016-01-13 11:54:36,991 PST DEBUG ServiceUtils - Leaving header item unchanged: Date=Wed Jan 13 11:54:37 PST 2016
2016-01-13 11:54:36,991 PST DEBUG ServiceUtils - Ignoring metadata item: Accept-Ranges=bytes
2016-01-13 11:54:36,991 PST DEBUG ServiceUtils - Leaving header item unchanged: ETag="f85b5db7fffab46a0397c98cbebe90de"
2016-01-13 11:54:36,991 PST DEBUG ServiceUtils - Leaving HTTP header item unchanged: Content-Encoding=gzip
2016-01-13 11:54:36,991 PST DEBUG ServiceUtils - Removed header prefix x-amz- from key: x-amz-request-id=>request-id
2016-01-13 11:54:36,991 PST DEBUG ServiceUtils - Removed header prefix x-amz- from key: x-amz-id-2=>id-2
2016-01-13 11:54:36,991 PST DEBUG ServiceUtils - Leaving HTTP header item unchanged: Content-Length=589
2016-01-13 11:54:36,991 PST DEBUG ServiceUtils - Leaving HTTP header item unchanged: Content-Type=application/x-gzip
2016-01-13 11:54:36,995 PST DEBUG DefaultClientConnection - Receiving response: HTTP/1.1 200 OK
2016-01-13 11:54:36,995 PST DEBUG headers - << HTTP/1.1 200 OK
2016-01-13 11:54:36,995 PST DEBUG headers - << x-amz-id-2: mvRtoems+yTSyjqJ/CU/zm+gJ+93t/NAfOGJuggCDdM6FFMCuhW7P61MJGirgPLp9GCVamFsYh0=
2016-01-13 11:54:36,995 PST DEBUG headers - << x-amz-request-id: 620A571CDA295F41
2016-01-13 11:54:36,996 PST DEBUG headers - << Date: Wed, 13 Jan 2016 19:54:37 GMT
2016-01-13 11:54:36,996 PST DEBUG headers - << Content-Encoding: gzip
2016-01-13 11:54:36,996 PST DEBUG headers - << x-amz-meta-domino-original-blob-length: 272
2016-01-13 11:54:36,996 PST DEBUG headers - << Last-Modified: Wed, 13 Jan 2016 19:53:10 GMT
2016-01-13 11:54:36,996 PST DEBUG headers - << ETag: "e8fd58b8356ca86ffa1b2a15e9d080e5"
2016-01-13 11:54:36,996 PST DEBUG headers - << x-amz-server-side-encryption: AES256
2016-01-13 11:54:36,996 PST DEBUG headers - << Accept-Ranges: bytes
2016-01-13 11:54:36,996 PST DEBUG headers - << Content-Type: application/x-gzip
2016-01-13 11:54:36,996 PST DEBUG headers - << Content-Length: 295
2016-01-13 11:54:36,996 PST DEBUG headers - << Server: AmazonS3
2016-01-13 11:54:36,996 PST DEBUG DefaultHttpClient - Connection can be kept alive indefinitely
2016-01-13 11:54:36,996 PST DEBUG RestStorageService - Response for 'GET'. Content-Type: application/x-gzip, Headers: [x-amz-id-2: mvRtoems+yTSyjqJ/CU/zm+gJ+93t/NAfOGJuggCDdM6FFMCuhW7P61MJGirgPLp9GCVamFsYh0=, x-amz-request-id: 620A571CDA295F41, Date: Wed, 13 Jan 2016 19:54:37 GMT, Content-Encoding: gzip, x-amz-meta-domino-original-blob-length: 272, Last-Modified: Wed, 13 Jan 2016 19:53:10 GMT, ETag: "e8fd58b8356ca86ffa1b2a15e9d080e5", x-amz-server-side-encryption: AES256, Accept-Ranges: bytes, Content-Type: application/x-gzip, Content-Length: 295, Server: AmazonS3]
2016-01-13 11:54:36,996 PST DEBUG RestStorageService - Response entity: org.apache.http.conn.BasicManagedEntity@662dc912
2016-01-13 11:54:36,996 PST DEBUG RestStorageService - Entity length: 295
2016-01-13 11:54:36,996 PST DEBUG RestStorageService - Received response code 200; matches one of expected set ([200])? true
2016-01-13 11:54:36,996 PST DEBUG ServiceUtils - Processing REST metadata items
2016-01-13 11:54:36,996 PST DEBUG ServiceUtils - Ignoring metadata item: Server=AmazonS3
2016-01-13 11:54:36,996 PST DEBUG ServiceUtils - Removed user metadata header prefix x-amz-meta- from key: x-amz-meta-domino-original-blob-length=>domino-original-blob-length
2016-01-13 11:54:36,997 PST DEBUG ServiceUtils - Parsing date string 'Wed, 13 Jan 2016 19:53:10 GMT' into Date object for key: Last-Modified
2016-01-13 11:54:36,997 PST DEBUG ServiceUtils - Leaving header item unchanged: Last-Modified=Wed Jan 13 11:53:10 PST 2016
2016-01-13 11:54:36,997 PST DEBUG ServiceUtils - Removed header prefix x-amz- from key: x-amz-server-side-encryption=>server-side-encryption
2016-01-13 11:54:36,997 PST DEBUG ServiceUtils - Parsing date string 'Wed, 13 Jan 2016 19:54:37 GMT' into Date object for key: Date
2016-01-13 11:54:36,997 PST DEBUG ServiceUtils - Leaving header item unchanged: Date=Wed Jan 13 11:54:37 PST 2016
2016-01-13 11:54:36,997 PST DEBUG ServiceUtils - Ignoring metadata item: Accept-Ranges=bytes
2016-01-13 11:54:36,997 PST DEBUG ServiceUtils - Leaving header item unchanged: ETag="e8fd58b8356ca86ffa1b2a15e9d080e5"
2016-01-13 11:54:36,997 PST DEBUG ServiceUtils - Leaving HTTP header item unchanged: Content-Encoding=gzip
2016-01-13 11:54:36,997 PST DEBUG ServiceUtils - Removed header prefix x-amz- from key: x-amz-request-id=>request-id
2016-01-13 11:54:36,997 PST DEBUG ServiceUtils - Removed header prefix x-amz- from key: x-amz-id-2=>id-2
2016-01-13 11:54:36,997 PST DEBUG ServiceUtils - Leaving HTTP header item unchanged: Content-Length=295
2016-01-13 11:54:36,997 PST DEBUG ServiceUtils - Leaving HTTP header item unchanged: Content-Type=application/x-gzip
2016-01-13 11:54:37,007 PST DEBUG RestUtils$ThreadSafeConnManager - Released connection is reusable.
2016-01-13 11:54:37,007 PST DEBUG RestUtils$ThreadSafeConnManager - Released connection is reusable.
2016-01-13 11:54:37,007 PST DEBUG ConnPoolByRoute - Releasing connection [{s}->https://com-cerebro-domino-prod-blobs.s3-us-west-2.amazonaws.com:443][null]
2016-01-13 11:54:37,007 PST DEBUG ConnPoolByRoute - Releasing connection [{s}->https://com-cerebro-domino-prod-blobs.s3-us-west-2.amazonaws.com:443][null]
2016-01-13 11:54:37,007 PST DEBUG ConnPoolByRoute - Pooling connection [{s}->https://com-cerebro-domino-prod-blobs.s3-us-west-2.amazonaws.com:443][null]; keep alive indefinitely
2016-01-13 11:54:37,008 PST DEBUG ConnPoolByRoute - Pooling connection [{s}->https://com-cerebro-domino-prod-blobs.s3-us-west-2.amazonaws.com:443][null]; keep alive indefinitely
2016-01-13 11:54:37,008 PST DEBUG ConnPoolByRoute - Notifying no-one, there are no waiting threads
2016-01-13 11:54:37,008 PST DEBUG ConnPoolByRoute - Notifying no-one, there are no waiting threads
2016-01-13 11:54:37,008 PST DEBUG HttpMethodReleaseInputStream - Released HttpMethod as its response data stream is closed
2016-01-13 11:54:37,008 PST DEBUG HttpMethodReleaseInputStream - Released HttpMethod as its response data stream is closed
2016-01-13 11:54:37,033 PST DEBUG DefaultClientConnection - Receiving response: HTTP/1.1 200 OK
2016-01-13 11:54:37,033 PST DEBUG headers - << HTTP/1.1 200 OK
2016-01-13 11:54:37,033 PST DEBUG headers - << x-amz-id-2: 3X+pRcJt8b9nQqkWsRpGLK+wx9II2wXDZn2Zoe2y4CydIU9Y3riZbQmh5b+QhYvLLtmUXk/4Jho=
2016-01-13 11:54:37,033 PST DEBUG headers - << x-amz-request-id: 1CF54589FE3C1C01
2016-01-13 11:54:37,033 PST DEBUG headers - << Date: Wed, 13 Jan 2016 19:54:37 GMT
2016-01-13 11:54:37,033 PST DEBUG headers - << Content-Encoding: gzip
2016-01-13 11:54:37,033 PST DEBUG headers - << x-amz-meta-domino-original-blob-length: 819
2016-01-13 11:54:37,033 PST DEBUG headers - << Last-Modified: Tue, 01 Dec 2015 01:23:09 GMT
2016-01-13 11:54:37,033 PST DEBUG headers - << ETag: "34911fd35bf8fe9ec303ceaef1ff635e"
2016-01-13 11:54:37,033 PST DEBUG headers - << x-amz-server-side-encryption: AES256
2016-01-13 11:54:37,033 PST DEBUG headers - << Accept-Ranges: bytes
2016-01-13 11:54:37,033 PST DEBUG headers - << Content-Type: application/x-gzip
2016-01-13 11:54:37,034 PST DEBUG headers - << Content-Length: 842
2016-01-13 11:54:37,034 PST DEBUG headers - << Server: AmazonS3
2016-01-13 11:54:37,034 PST DEBUG DefaultHttpClient - Connection can be kept alive indefinitely
2016-01-13 11:54:37,034 PST DEBUG RestStorageService - Response for 'GET'. Content-Type: application/x-gzip, Headers: [x-amz-id-2: 3X+pRcJt8b9nQqkWsRpGLK+wx9II2wXDZn2Zoe2y4CydIU9Y3riZbQmh5b+QhYvLLtmUXk/4Jho=, x-amz-request-id: 1CF54589FE3C1C01, Date: Wed, 13 Jan 2016 19:54:37 GMT, Content-Encoding: gzip, x-amz-meta-domino-original-blob-length: 819, Last-Modified: Tue, 01 Dec 2015 01:23:09 GMT, ETag: "34911fd35bf8fe9ec303ceaef1ff635e", x-amz-server-side-encryption: AES256, Accept-Ranges: bytes, Content-Type: application/x-gzip, Content-Length: 842, Server: AmazonS3]
2016-01-13 11:54:37,034 PST DEBUG RestStorageService - Response entity: org.apache.http.conn.BasicManagedEntity@36c0133b
2016-01-13 11:54:37,034 PST DEBUG RestStorageService - Entity length: 842
2016-01-13 11:54:37,034 PST DEBUG RestStorageService - Received response code 200; matches one of expected set ([200])? true
2016-01-13 11:54:37,034 PST DEBUG ServiceUtils - Processing REST metadata items
2016-01-13 11:54:37,034 PST DEBUG ServiceUtils - Ignoring metadata item: Server=AmazonS3
2016-01-13 11:54:37,034 PST DEBUG ServiceUtils - Removed user metadata header prefix x-amz-meta- from key: x-amz-meta-domino-original-blob-length=>domino-original-blob-length
2016-01-13 11:54:37,035 PST DEBUG ServiceUtils - Parsing date string 'Tue, 01 Dec 2015 01:23:09 GMT' into Date object for key: Last-Modified
2016-01-13 11:54:37,035 PST DEBUG ServiceUtils - Leaving header item unchanged: Last-Modified=Mon Nov 30 17:23:09 PST 2015
2016-01-13 11:54:37,035 PST DEBUG ServiceUtils - Removed header prefix x-amz- from key: x-amz-server-side-encryption=>server-side-encryption
2016-01-13 11:54:37,035 PST DEBUG ServiceUtils - Parsing date string 'Wed, 13 Jan 2016 19:54:37 GMT' into Date object for key: Date
2016-01-13 11:54:37,035 PST DEBUG ServiceUtils - Leaving header item unchanged: Date=Wed Jan 13 11:54:37 PST 2016
2016-01-13 11:54:37,035 PST DEBUG ServiceUtils - Ignoring metadata item: Accept-Ranges=bytes
2016-01-13 11:54:37,035 PST DEBUG ServiceUtils - Leaving header item unchanged: ETag="34911fd35bf8fe9ec303ceaef1ff635e"
2016-01-13 11:54:37,036 PST DEBUG ServiceUtils - Leaving HTTP header item unchanged: Content-Encoding=gzip
2016-01-13 11:54:37,036 PST DEBUG ServiceUtils - Removed header prefix x-amz- from key: x-amz-request-id=>request-id
2016-01-13 11:54:37,036 PST DEBUG ServiceUtils - Removed header prefix x-amz- from key: x-amz-id-2=>id-2
2016-01-13 11:54:37,036 PST DEBUG ServiceUtils - Leaving HTTP header item unchanged: Content-Length=842
2016-01-13 11:54:37,036 PST DEBUG ServiceUtils - Leaving HTTP header item unchanged: Content-Type=application/x-gzip
2016-01-13 11:54:37,037 PST DEBUG RestUtils$ThreadSafeConnManager - Released connection is reusable.
2016-01-13 11:54:37,038 PST DEBUG ConnPoolByRoute - Releasing connection [{s}->https://com-cerebro-domino-prod-blobs.s3-us-west-2.amazonaws.com:443][null]
2016-01-13 11:54:37,038 PST DEBUG ConnPoolByRoute - Pooling connection [{s}->https://com-cerebro-domino-prod-blobs.s3-us-west-2.amazonaws.com:443][null]; keep alive indefinitely
2016-01-13 11:54:37,038 PST DEBUG ConnPoolByRoute - Notifying no-one, there are no waiting threads
2016-01-13 11:54:37,038 PST DEBUG HttpMethodReleaseInputStream - Released HttpMethod as its response data stream is closed
2016-01-13 11:54:37,044 PST TRACE LocalFileDirectory - Starting local data directory processing...
2016-01-13 11:54:37,045 PST TRACE LocalFileDirectory - Processing update FileUpdate(+ Adding file domino.last.dump.rda,None)...
2016-01-13 11:54:37,048 PST TRACE LocalFileDirectory - Processing update FileUpdate(+ Adding file domino.last.dump.rda,None) complete.
2016-01-13 11:54:37,048 PST TRACE LocalFileDirectory - Processing update FileUpdate(. File foo.R up to date.,None)...
2016-01-13 11:54:37,048 PST TRACE LocalFileDirectory - Processing update FileUpdate(. File foo.R up to date.,None) complete.
2016-01-13 11:54:37,048 PST TRACE LocalFileDirectory - Processing update FileUpdate(+ Adding file domino.workspace.RData,None)...
2016-01-13 11:54:37,049 PST TRACE LocalFileDirectory - Processing update FileUpdate(+ Adding file domino.workspace.RData,None) complete.
2016-01-13 11:54:37,049 PST TRACE LocalFileDirectory - Processing update FileUpdate(+ Adding file results/stdout.txt,None)...
2016-01-13 11:54:37,049 PST TRACE LocalFileDirectory - Processing update FileUpdate(+ Adding file results/stdout.txt,None) complete.
2016-01-13 11:54:37,049 PST TRACE LocalFileDirectory - Processing update FileUpdate(. File .dominoignore up to date.,None)...
2016-01-13 11:54:37,050 PST TRACE LocalFileDirectory - Processing update FileUpdate(. File .dominoignore up to date.,None) complete.
2016-01-13 11:54:37,050 PST DEBUG LocalFileDirectory - Local data directory processing complete.
2016-01-13 11:54:37,051 PST DEBUG FileSyncClient - Local data directory processing complete.
2016-01-13 11:54:37,051 PST DEBUG FileSyncClient - Clearing local blob directory
2016-01-13 11:54:37,053 PST DEBUG FileSyncClient - Download complete.
2016-01-13 11:54:37,054 PST  INFO ProjectControllerProxy - getting git host from https://api.dominoup.com/gitRepoUri/earino/tim_example
2016-01-13 11:54:37,054 PST DEBUG DefaultTransport - Issuing request to https://api.dominoup.com/gitRepoUri/earino/tim_example with proxy detected as DIRECT (full request = Request(GET,<function2>,<function1>,List(),List((X-Domino-Api-Key,0PY3favaLmTACDZbcDzOsOTtoX9CXz4qlfLsqoEGHkvXKu2RUjFylRwgtB8iFAgn)),List(<function1>, <function1>, <function1>, <function1>, <function1>),DIRECT,UTF-8,4096))
2016-01-13 11:54:37,095 PST DEBUG ProjectControllerProxy - response from server: https://git.dominoup.com/projectrepos/5696/5696aace60b2d5c92aa96483.git
2016-01-13 11:54:37,095 PST  INFO CLIFileSyncClient - checking whether remote (https://git.dominoup.com/projectrepos/5696/5696aace60b2d5c92aa96483.git) needs to be upgraded to match new desired url (https://git.dominoup.com/projectrepos/5696/5696aace60b2d5c92aa96483.git)
2016-01-13 11:54:37,096 PST  INFO CLIFileSyncClient - Running in cloud mode, so using AnonymousS3BlobStore
2016-01-13 11:54:37,106 PST TRACE FileSyncClient - Starting upload...
2016-01-13 11:54:37,112 PST TRACE FileStructureRepo - Staging structure. Current branch = master, head commit ID = Some(AnyObjectId[159de6b8f3c58838f5f8975fa4fbfcef8adbe5aa]).
2016-01-13 11:54:37,119 PST DEBUG FileStructureRepo - Staging structure complete. Head advanced to commit ID = Some(AnyObjectId[159de6b8f3c58838f5f8975fa4fbfcef8adbe5aa]).
2016-01-13 11:54:37,121 PST TRACE FileStructureRepoSynchronizer - Upload starting...
2016-01-13 11:54:37,123 PST TRACE FileStructureRepoSynchronizer - Asserting repo is safe to operate.  repo state = SAFE, isClean = true, isSafe = true, currentBranch = master.
2016-01-13 11:54:37,126 PST DEBUG FileStructureRepoSynchronizer - Local paths:
	domino.workspace.RData -> FileSignature(1452714789000,819,Sha1(f1856081cddf9fa90253623625c9c01c6d558d45))
	domino.last.dump.rda -> FileSignature(1452714789000,272,Sha1(45134ec97cd1fa4530e97ccff0405028ce458ebb))
	results/stdout.txt -> FileSignature(1452714789000,976,Sha1(5c3618e918c9dd385a5d9f03a24b95278e4a8eb6))
	.dominoignore -> FileSignature(1448101570000,287,Sha1(a5f5eb83114b9b51af35b87c00dace198c7db58b))
	foo.R -> FileSignature(1452714849000,56,Sha1(3cb07b2422c044dd801e79132c6d381b9340363a))
2016-01-13 11:54:37,126 PST TRACE FileStructureRepo - Starting fetch: master = Some(AnyObjectId[159de6b8f3c58838f5f8975fa4fbfcef8adbe5aa]), refs/remotes/origin/master = Some(AnyObjectId[555de31eebc7c4a6634da9028ac2f54127583529]).
2016-01-13 11:54:37,361 PST TRACE FileStructureRepo - Fetch complete: master = Some(AnyObjectId[159de6b8f3c58838f5f8975fa4fbfcef8adbe5aa]), refs/remotes/origin/master = Some(AnyObjectId[555de31eebc7c4a6634da9028ac2f54127583529]).
2016-01-13 11:54:37,361 PST TRACE FileStructureRepo - Fetch result = [No Update]
2016-01-13 11:54:37,363 PST DEBUG FileStructureRepo - Computing diffs between base = refs/remotes/origin/master (555de31eebc7c4a6634da9028ac2f54127583529) and target = HEAD (159de6b8f3c58838f5f8975fa4fbfcef8adbe5aa).
2016-01-13 11:54:37,366 PST DEBUG FileStructureRepo - Updates:
	. File domino.last.dump.rda up to date.
	. File .dominoignore up to date.
	. File foo.R up to date.
	. File results/stdout.txt up to date.
	. File domino.workspace.RData up to date.
2016-01-13 11:54:37,367 PST TRACE FileStructureRepoSynchronizer - Upload before push starting
2016-01-13 11:54:37,369 PST TRACE FileStructureRepoSynchronizer - Upload before push complete
2016-01-13 11:54:37,370 PST TRACE FileStructureRepo - Starting push to origin: local/master = Some(AnyObjectId[159de6b8f3c58838f5f8975fa4fbfcef8adbe5aa]), origin/master = Some(AnyObjectId[555de31eebc7c4a6634da9028ac2f54127583529]).
2016-01-13 11:54:37,840 PST DEBUG FileStructureRepo - Push result: [RemoteRefUpdate[remoteName=refs/heads/master, OK, (null)...159de6b8f3c58838f5f8975fa4fbfcef8adbe5aa, fastForward, srcRef=refs/heads/master, message=null]]
2016-01-13 11:54:37,842 PST DEBUG FileStructureRepo - Push to origin complete: local/master = Some(AnyObjectId[159de6b8f3c58838f5f8975fa4fbfcef8adbe5aa]), origin/master = Some(AnyObjectId[159de6b8f3c58838f5f8975fa4fbfcef8adbe5aa]).
2016-01-13 11:54:37,842 PST DEBUG FileStructureRepoSynchronizer - Upload complete.  Success = true
2016-01-13 11:54:37,842 PST DEBUG FileSyncClient - Upload complete. Success = true
